        -:    0:Source:dominion.c
        -:    0:Graph:dominion.gcno
        -:    0:Data:dominion.gcda
        -:    0:Runs:4
        -:    0:Programs:4
        -:    1:#include "dominion.h"
        -:    2:#include "dominion_helpers.h"
        -:    3:#include "rngs.h"
        -:    4:#include <stdio.h>
        -:    5:#include <math.h>
        -:    6:#include <stdlib.h>
        -:    7:
function compare called 4560 returned 100% blocks executed 100%
     4560:    8:int compare(const void* a, const void* b) {
     4560:    9:  if (*(int*)a > *(int*)b)
branch  0 taken 48% (fallthrough)
branch  1 taken 52%
     2167:   10:    return 1;
     2393:   11:  if (*(int*)a < *(int*)b)
branch  0 taken 42% (fallthrough)
branch  1 taken 58%
     1002:   12:    return -1;
     1391:   13:  return 0;
        -:   14:}
        -:   15:
function newGame called 0 returned 0% blocks executed 0%
    #####:   16:struct gameState* newGame() {
    #####:   17:  struct gameState* g = malloc(sizeof(struct gameState));
    #####:   18:  return g;
        -:   19:}
        -:   20:
function kingdomCards called 0 returned 0% blocks executed 0%
    #####:   21:int* kingdomCards(int k1, int k2, int k3, int k4, int k5, int k6, int k7,
        -:   22:		  int k8, int k9, int k10) {
    #####:   23:  int* k = malloc(10 * sizeof(int));
    #####:   24:  k[0] = k1;
    #####:   25:  k[1] = k2;
    #####:   26:  k[2] = k3;
    #####:   27:  k[3] = k4;
    #####:   28:  k[4] = k5;
    #####:   29:  k[5] = k6;
    #####:   30:  k[6] = k7;
    #####:   31:  k[7] = k8;
    #####:   32:  k[8] = k9;
    #####:   33:  k[9] = k10;
    #####:   34:  return k;
        -:   35:}
        -:   36:
function initializeGame called 4 returned 100% blocks executed 85%
        4:   37:int initializeGame(int numPlayers, int kingdomCards[10], int randomSeed,
        -:   38:		   struct gameState *state) {
        -:   39:
        -:   40:  int i;
        -:   41:  int j;
        -:   42:  int it;			
        -:   43:  //set up random number generator
        4:   44:  SelectStream(1);
call    0 returned 100%
        4:   45:  PutSeed((long)randomSeed);
call    0 returned 100%
        -:   46:  
        -:   47:  //check number of players
        4:   48:  if (numPlayers > MAX_PLAYERS || numPlayers < 2)
branch  0 taken 100% (fallthrough)
branch  1 taken 0%
branch  2 taken 0% (fallthrough)
branch  3 taken 100%
        -:   49:    {
    #####:   50:      return -1;
        -:   51:    }
        -:   52:
        -:   53:  //set number of players
        4:   54:  state->numPlayers = numPlayers;
        -:   55:
        -:   56:  //check selected kingdom cards are different
       44:   57:  for (i = 0; i < 10; i++)
branch  0 taken 91%
branch  1 taken 9% (fallthrough)
        -:   58:    {
      440:   59:      for (j = 0; j < 10; j++)
branch  0 taken 91%
branch  1 taken 9% (fallthrough)
        -:   60:        {
      400:   61:	  if (j != i && kingdomCards[j] == kingdomCards[i])
branch  0 taken 90% (fallthrough)
branch  1 taken 10%
branch  2 taken 0% (fallthrough)
branch  3 taken 100%
        -:   62:	    {
    #####:   63:	      return -1;
        -:   64:	    }
        -:   65:        }
        -:   66:    }
        -:   67:
        -:   68:
        -:   69:  //initialize supply
        -:   70:  ///////////////////////////////
        -:   71:
        -:   72:  //set number of Curse cards
        4:   73:  if (numPlayers == 2)
branch  0 taken 0% (fallthrough)
branch  1 taken 100%
        -:   74:    {
    #####:   75:      state->supplyCount[curse] = 10;
        -:   76:    }
        4:   77:  else if (numPlayers == 3)
branch  0 taken 0% (fallthrough)
branch  1 taken 100%
        -:   78:    {
    #####:   79:      state->supplyCount[curse] = 20;
        -:   80:    }
        -:   81:  else
        -:   82:    {
        4:   83:      state->supplyCount[curse] = 30;
        -:   84:    }
        -:   85:
        -:   86:  //set number of Victory cards
        4:   87:  if (numPlayers == 2)
branch  0 taken 0% (fallthrough)
branch  1 taken 100%
        -:   88:    {
    #####:   89:      state->supplyCount[estate] = 8;
    #####:   90:      state->supplyCount[duchy] = 8;
    #####:   91:      state->supplyCount[province] = 8;
        -:   92:    }
        -:   93:  else
        -:   94:    {
        4:   95:      state->supplyCount[estate] = 12;
        4:   96:      state->supplyCount[duchy] = 12;
        4:   97:      state->supplyCount[province] = 12;
        -:   98:    }
        -:   99:
        -:  100:  //set number of Treasure cards
        4:  101:  state->supplyCount[copper] = 60 - (7 * numPlayers);
        4:  102:  state->supplyCount[silver] = 40;
        4:  103:  state->supplyCount[gold] = 30;
        -:  104:
        -:  105:  //set number of Kingdom cards
       84:  106:  for (i = adventurer; i <= treasure_map; i++)       	//loop all cards
branch  0 taken 95%
branch  1 taken 5% (fallthrough)
        -:  107:    {
      660:  108:      for (j = 0; j < 10; j++)           		//loop chosen cards
branch  0 taken 94%
branch  1 taken 6% (fallthrough)
        -:  109:	{
      620:  110:	  if (kingdomCards[j] == i)
branch  0 taken 6% (fallthrough)
branch  1 taken 94%
        -:  111:	    {
        -:  112:	      //check if card is a 'Victory' Kingdom card
       40:  113:	      if (kingdomCards[j] == great_hall || kingdomCards[j] == gardens)
branch  0 taken 100% (fallthrough)
branch  1 taken 0%
branch  2 taken 0% (fallthrough)
branch  3 taken 100%
        -:  114:		{
    #####:  115:		  if (numPlayers == 2){ 
branch  0 never executed
branch  1 never executed
    #####:  116:		    state->supplyCount[i] = 8; 
        -:  117:		  }
    #####:  118:		  else{ state->supplyCount[i] = 12; }
        -:  119:		}
        -:  120:	      else
        -:  121:		{
       40:  122:		  state->supplyCount[i] = 10;
        -:  123:		}
       40:  124:	      break;
        -:  125:	    }
        -:  126:	  else    //card is not in the set choosen for the game
        -:  127:	    {
      580:  128:	      state->supplyCount[i] = -1;
        -:  129:	    }
        -:  130:	}
        -:  131:
        -:  132:    }
        -:  133:
        -:  134:  ////////////////////////
        -:  135:  //supply intilization complete
        -:  136:
        -:  137:  //set player decks
       20:  138:  for (i = 0; i < numPlayers; i++)
branch  0 taken 80%
branch  1 taken 20% (fallthrough)
        -:  139:    {
       16:  140:      state->deckCount[i] = 0;
       64:  141:      for (j = 0; j < 3; j++)
branch  0 taken 75%
branch  1 taken 25% (fallthrough)
        -:  142:	{
       48:  143:	  state->deck[i][j] = estate;
       48:  144:	  state->deckCount[i]++;
        -:  145:	}
      128:  146:      for (j = 3; j < 10; j++)
branch  0 taken 88%
branch  1 taken 13% (fallthrough)
        -:  147:	{
      112:  148:	  state->deck[i][j] = copper;
      112:  149:	  state->deckCount[i]++;		
        -:  150:	}
        -:  151:    }
        -:  152:
        -:  153:  //shuffle player decks
       20:  154:  for (i = 0; i < numPlayers; i++)
branch  0 taken 80%
branch  1 taken 20% (fallthrough)
        -:  155:    {
       16:  156:      if ( shuffle(i, state) < 0 )
call    0 returned 100%
branch  1 taken 0% (fallthrough)
branch  2 taken 100%
        -:  157:	{
    #####:  158:	  return -1;
        -:  159:	}
        -:  160:    }
        -:  161:
        -:  162:  //draw player hands
       20:  163:  for (i = 0; i < numPlayers; i++)
branch  0 taken 80%
branch  1 taken 20% (fallthrough)
        -:  164:    {  
        -:  165:      //initialize hand size to zero
       16:  166:      state->handCount[i] = 0;
       16:  167:      state->discardCount[i] = 0;
        -:  168:      //draw 5 cards
        -:  169:      // for (j = 0; j < 5; j++)
        -:  170:      //	{
        -:  171:      //	  drawCard(i, state);
        -:  172:      //	}
        -:  173:    }
        -:  174:  
        -:  175:  //set embargo tokens to 0 for all supply piles
      112:  176:  for (i = 0; i <= treasure_map; i++)
branch  0 taken 96%
branch  1 taken 4% (fallthrough)
        -:  177:    {
      108:  178:      state->embargoTokens[i] = 0;
        -:  179:    }
        -:  180:
        -:  181:  //initialize first player's turn
        4:  182:  state->outpostPlayed = 0;
        4:  183:  state->phase = 0;
        4:  184:  state->numActions = 1;
        4:  185:  state->numBuys = 1;
        4:  186:  state->playedCardCount = 0;
        4:  187:  state->whoseTurn = 0;
        4:  188:  state->handCount[state->whoseTurn] = 0;
        -:  189:  //int it; move to top
        -:  190:
        -:  191:  //Moved draw cards to here, only drawing at the start of a turn
       24:  192:  for (it = 0; it < 5; it++){
branch  0 taken 83%
branch  1 taken 17% (fallthrough)
       20:  193:    drawCard(state->whoseTurn, state);
call    0 returned 100%
        -:  194:  }
        -:  195:
        4:  196:  updateCoins(state->whoseTurn, state, 0);
call    0 returned 100%
        -:  197:
        4:  198:  return 0;
        -:  199:}
        -:  200:
function shuffle called 20 returned 100% blocks executed 100%
       20:  201:int shuffle(int player, struct gameState *state) {
        -:  202: 
        -:  203:
        -:  204:  int newDeck[MAX_DECK];
       20:  205:  int newDeckPos = 0;
        -:  206:  int card;
        -:  207:  int i;
        -:  208:
       20:  209:  if (state->deckCount[player] < 1)
branch  0 taken 10% (fallthrough)
branch  1 taken 90%
        2:  210:    return -1;
       18:  211:  qsort ((void*)(state->deck[player]), state->deckCount[player], sizeof(int), compare); 
call    0 returned 100%
        -:  212:  /* SORT CARDS IN DECK TO ENSURE DETERMINISM! */
        -:  213:
      798:  214:  while (state->deckCount[player] > 0) {
branch  0 taken 98%
branch  1 taken 2% (fallthrough)
      762:  215:    card = floor(Random() * state->deckCount[player]);
call    0 returned 100%
      762:  216:    newDeck[newDeckPos] = state->deck[player][card];
      762:  217:    newDeckPos++;
    60820:  218:    for (i = card; i < state->deckCount[player]-1; i++) {
branch  0 taken 99%
branch  1 taken 1% (fallthrough)
    60058:  219:      state->deck[player][i] = state->deck[player][i+1];
        -:  220:    }
      762:  221:    state->deckCount[player]--;
        -:  222:  }
      780:  223:  for (i = 0; i < newDeckPos; i++) {
branch  0 taken 98%
branch  1 taken 2% (fallthrough)
      762:  224:    state->deck[player][i] = newDeck[i];
      762:  225:    state->deckCount[player]++;
        -:  226:  }
        -:  227:
       18:  228:  return 0;
        -:  229:}
        -:  230:
function playCard called 0 returned 0% blocks executed 0%
    #####:  231:int playCard(int handPos, int choice1, int choice2, int choice3, struct gameState *state) 
        -:  232:{	
        -:  233:  int card;
    #####:  234:  int coin_bonus = 0; 		//tracks coins gain from actions
        -:  235:
        -:  236:  //check if it is the right phase
    #####:  237:  if (state->phase != 0)
branch  0 never executed
branch  1 never executed
        -:  238:    {
    #####:  239:      return -1;
        -:  240:    }
        -:  241:	
        -:  242:  //check if player has enough actions
    #####:  243:  if ( state->numActions < 1 )
branch  0 never executed
branch  1 never executed
        -:  244:    {
    #####:  245:      return -1;
        -:  246:    }
        -:  247:	
        -:  248:  //get card played
    #####:  249:  card = handCard(handPos, state);
call    0 never executed
        -:  250:	
        -:  251:  //check if selected card is an action
    #####:  252:  if ( card < adventurer || card > treasure_map )
branch  0 never executed
branch  1 never executed
branch  2 never executed
branch  3 never executed
        -:  253:    {
    #####:  254:      return -1;
        -:  255:    }
        -:  256:	
        -:  257:  //play card
    #####:  258:  if ( cardEffect(card, choice1, choice2, choice3, state, handPos, &coin_bonus) < 0 )
call    0 never executed
branch  1 never executed
branch  2 never executed
        -:  259:    {
    #####:  260:      return -1;
        -:  261:    }
        -:  262:	
        -:  263:  //reduce number of actions
    #####:  264:  state->numActions--;
        -:  265:
        -:  266:  //update coins (Treasure cards may be added with card draws)
    #####:  267:  updateCoins(state->whoseTurn, state, coin_bonus);
call    0 never executed
        -:  268:	
    #####:  269:  return 0;
        -:  270:}
        -:  271:
function buyCard called 0 returned 0% blocks executed 0%
    #####:  272:int buyCard(int supplyPos, struct gameState *state) {
        -:  273:  int who;
        -:  274:  if (DEBUG){
        -:  275:    printf("Entering buyCard...\n");
        -:  276:  }
        -:  277:
        -:  278:  // I don't know what to do about the phase thing.
        -:  279:
    #####:  280:  who = state->whoseTurn;
        -:  281:
    #####:  282:  if (state->numBuys < 1){
branch  0 never executed
branch  1 never executed
        -:  283:    if (DEBUG)
        -:  284:      printf("You do not have any buys left\n");
    #####:  285:    return -1;
    #####:  286:  } else if (supplyCount(supplyPos, state) <1){
call    0 never executed
branch  1 never executed
branch  2 never executed
        -:  287:    if (DEBUG)
        -:  288:      printf("There are not any of that type of card left\n");
    #####:  289:    return -1;
    #####:  290:  } else if (state->coins < getCost(supplyPos)){
call    0 never executed
branch  1 never executed
branch  2 never executed
        -:  291:    if (DEBUG) 
        -:  292:      printf("You do not have enough money to buy that. You have %d coins.\n", state->coins);
    #####:  293:    return -1;
        -:  294:  } else {
    #####:  295:    state->phase=1;
        -:  296:    //state->supplyCount[supplyPos]--;
    #####:  297:    gainCard(supplyPos, state, 0, who); //card goes in discard, this might be wrong.. (2 means goes into hand, 0 goes into discard)
call    0 never executed
        -:  298:  
    #####:  299:    state->coins = (state->coins) - (getCost(supplyPos));
call    0 never executed
    #####:  300:    state->numBuys--;
        -:  301:    if (DEBUG)
        -:  302:      printf("You bought card number %d for %d coins. You now have %d buys and %d coins.\n", supplyPos, getCost(supplyPos), state->numBuys, state->coins);
        -:  303:  }
        -:  304:
        -:  305:  //state->discard[who][state->discardCount[who]] = supplyPos;
        -:  306:  //state->discardCount[who]++;
        -:  307:    
    #####:  308:  return 0;
        -:  309:}
        -:  310:
function numHandCards called 0 returned 0% blocks executed 0%
    #####:  311:int numHandCards(struct gameState *state) {
    #####:  312:  return state->handCount[ whoseTurn(state) ];
call    0 never executed
        -:  313:}
        -:  314:
function handCard called 0 returned 0% blocks executed 0%
    #####:  315:int handCard(int handPos, struct gameState *state) {
    #####:  316:  int currentPlayer = whoseTurn(state);
call    0 never executed
    #####:  317:  return state->hand[currentPlayer][handPos];
        -:  318:}
        -:  319:
function supplyCount called 0 returned 0% blocks executed 0%
    #####:  320:int supplyCount(int card, struct gameState *state) {
    #####:  321:  return state->supplyCount[card];
        -:  322:}
        -:  323:
function fullDeckCount called 0 returned 0% blocks executed 0%
    #####:  324:int fullDeckCount(int player, int card, struct gameState *state) {
        -:  325:  int i;
    #####:  326:  int count = 0;
        -:  327:
    #####:  328:  for (i = 0; i < state->deckCount[player]; i++)
branch  0 never executed
branch  1 never executed
        -:  329:    {
    #####:  330:      if (state->deck[player][i] == card) count++;
branch  0 never executed
branch  1 never executed
        -:  331:    }
        -:  332:
    #####:  333:  for (i = 0; i < state->handCount[player]; i++)
branch  0 never executed
branch  1 never executed
        -:  334:    {
    #####:  335:      if (state->hand[player][i] == card) count++;
branch  0 never executed
branch  1 never executed
        -:  336:    }
        -:  337:
    #####:  338:  for (i = 0; i < state->discardCount[player]; i++)
branch  0 never executed
branch  1 never executed
        -:  339:    {
    #####:  340:      if (state->discard[player][i] == card) count++;
branch  0 never executed
branch  1 never executed
        -:  341:    }
        -:  342:
    #####:  343:  return count;
        -:  344:}
        -:  345:
function whoseTurn called 414 returned 100% blocks executed 100%
      414:  346:int whoseTurn(struct gameState *state) {
      414:  347:  return state->whoseTurn;
        -:  348:}
        -:  349:
function endTurn called 0 returned 0% blocks executed 0%
    #####:  350:int endTurn(struct gameState *state) {
        -:  351:  int k;
        -:  352:  int i;
    #####:  353:  int currentPlayer = whoseTurn(state);
call    0 never executed
        -:  354:  
        -:  355:  //Discard hand
    #####:  356:  for (i = 0; i < state->handCount[currentPlayer]; i++){
branch  0 never executed
branch  1 never executed
    #####:  357:    state->discard[currentPlayer][state->discardCount[currentPlayer]++] = state->hand[currentPlayer][i];//Discard
    #####:  358:    state->hand[currentPlayer][i] = -1;//Set card to -1
        -:  359:  }
    #####:  360:  state->handCount[currentPlayer] = 0;//Reset hand count
        -:  361:    
        -:  362:  //Code for determining the player
    #####:  363:  if (currentPlayer < (state->numPlayers - 1)){ 
branch  0 never executed
branch  1 never executed
    #####:  364:    state->whoseTurn = currentPlayer + 1;//Still safe to increment
        -:  365:  }
        -:  366:  else{
    #####:  367:    state->whoseTurn = 0;//Max player has been reached, loop back around to player 1
        -:  368:  }
        -:  369:
    #####:  370:  state->outpostPlayed = 0;
    #####:  371:  state->phase = 0;
    #####:  372:  state->numActions = 1;
    #####:  373:  state->coins = 0;
    #####:  374:  state->numBuys = 1;
    #####:  375:  state->playedCardCount = 0;
    #####:  376:  state->handCount[state->whoseTurn] = 0;
        -:  377:
        -:  378:  //int k; move to top
        -:  379:  //Next player draws hand
    #####:  380:  for (k = 0; k < 5; k++){
branch  0 never executed
branch  1 never executed
    #####:  381:    drawCard(state->whoseTurn, state);//Draw a card
call    0 never executed
        -:  382:  }
        -:  383:
        -:  384:  //Update money
    #####:  385:  updateCoins(state->whoseTurn, state , 0);
call    0 never executed
        -:  386:
    #####:  387:  return 0;
        -:  388:}
        -:  389:
function isGameOver called 0 returned 0% blocks executed 0%
    #####:  390:int isGameOver(struct gameState *state) {
        -:  391:  int i;
        -:  392:  int j;
        -:  393:	
        -:  394:  //if stack of Province cards is empty, the game ends
    #####:  395:  if (state->supplyCount[province] == 0)
branch  0 never executed
branch  1 never executed
        -:  396:    {
    #####:  397:      return 1;
        -:  398:    }
        -:  399:
        -:  400:  //if three supply pile are at 0, the game ends
    #####:  401:  j = 0;
    #####:  402:  for (i = 0; i < 25; i++)
branch  0 never executed
branch  1 never executed
        -:  403:    {
    #####:  404:      if (state->supplyCount[i] == 0)
branch  0 never executed
branch  1 never executed
        -:  405:	{
    #####:  406:	  j++;
        -:  407:	}
        -:  408:    }
    #####:  409:  if ( j >= 3)
branch  0 never executed
branch  1 never executed
        -:  410:    {
    #####:  411:      return 1;
        -:  412:    }
        -:  413:
    #####:  414:  return 0;
        -:  415:}
        -:  416:
function scoreFor called 0 returned 0% blocks executed 0%
    #####:  417:int scoreFor (int player, struct gameState *state) {
        -:  418:
        -:  419:  int i;
    #####:  420:  int score = 0;
        -:  421:  //score from hand
    #####:  422:  for (i = 0; i < state->handCount[player]; i++)
branch  0 never executed
branch  1 never executed
        -:  423:    {
    #####:  424:      if (state->hand[player][i] == curse) { score = score - 1; };
branch  0 never executed
branch  1 never executed
    #####:  425:      if (state->hand[player][i] == estate) { score = score + 1; };
branch  0 never executed
branch  1 never executed
    #####:  426:      if (state->hand[player][i] == duchy) { score = score + 3; };
branch  0 never executed
branch  1 never executed
    #####:  427:      if (state->hand[player][i] == province) { score = score + 6; };
branch  0 never executed
branch  1 never executed
    #####:  428:      if (state->hand[player][i] == great_hall) { score = score + 1; };
branch  0 never executed
branch  1 never executed
    #####:  429:      if (state->hand[player][i] == gardens) { score = score + ( fullDeckCount(player, 0, state) / 10 ); };
branch  0 never executed
branch  1 never executed
call    2 never executed
        -:  430:    }
        -:  431:
        -:  432:  //score from discard
    #####:  433:  for (i = 0; i < state->discardCount[player]; i++)
branch  0 never executed
branch  1 never executed
        -:  434:    {
    #####:  435:      if (state->discard[player][i] == curse) { score = score - 1; };
branch  0 never executed
branch  1 never executed
    #####:  436:      if (state->discard[player][i] == estate) { score = score + 1; };
branch  0 never executed
branch  1 never executed
    #####:  437:      if (state->discard[player][i] == duchy) { score = score + 3; };
branch  0 never executed
branch  1 never executed
    #####:  438:      if (state->discard[player][i] == province) { score = score + 6; };
branch  0 never executed
branch  1 never executed
    #####:  439:      if (state->discard[player][i] == great_hall) { score = score + 1; };
branch  0 never executed
branch  1 never executed
    #####:  440:      if (state->discard[player][i] == gardens) { score = score + ( fullDeckCount(player, 0, state) / 10 ); };
branch  0 never executed
branch  1 never executed
call    2 never executed
        -:  441:    }
        -:  442:
        -:  443:  //score from deck
    #####:  444:  for (i = 0; i < state->discardCount[player]; i++)
branch  0 never executed
branch  1 never executed
        -:  445:    {
    #####:  446:      if (state->deck[player][i] == curse) { score = score - 1; };
branch  0 never executed
branch  1 never executed
    #####:  447:      if (state->deck[player][i] == estate) { score = score + 1; };
branch  0 never executed
branch  1 never executed
    #####:  448:      if (state->deck[player][i] == duchy) { score = score + 3; };
branch  0 never executed
branch  1 never executed
    #####:  449:      if (state->deck[player][i] == province) { score = score + 6; };
branch  0 never executed
branch  1 never executed
    #####:  450:      if (state->deck[player][i] == great_hall) { score = score + 1; };
branch  0 never executed
branch  1 never executed
    #####:  451:      if (state->deck[player][i] == gardens) { score = score + ( fullDeckCount(player, 0, state) / 10 ); };
branch  0 never executed
branch  1 never executed
call    2 never executed
        -:  452:    }
        -:  453:
    #####:  454:  return score;
        -:  455:}
        -:  456:
function getWinners called 0 returned 0% blocks executed 0%
    #####:  457:int getWinners(int players[MAX_PLAYERS], struct gameState *state) {
        -:  458:  int i;	
        -:  459:  int j;
        -:  460:  int highScore;
        -:  461:  int currentPlayer;
        -:  462:
        -:  463:  //get score for each player
    #####:  464:  for (i = 0; i < MAX_PLAYERS; i++)
branch  0 never executed
branch  1 never executed
        -:  465:    {
        -:  466:      //set unused player scores to -9999
    #####:  467:      if (i >= state->numPlayers)
branch  0 never executed
branch  1 never executed
        -:  468:	{
    #####:  469:	  players[i] = -9999;
        -:  470:	}
        -:  471:      else
        -:  472:	{
    #####:  473:	  players[i] = scoreFor (i, state);
call    0 never executed
        -:  474:	}
        -:  475:    }
        -:  476:
        -:  477:  //find highest score
    #####:  478:  j = 0;
    #####:  479:  for (i = 0; i < MAX_PLAYERS; i++)
branch  0 never executed
branch  1 never executed
        -:  480:    {
    #####:  481:      if (players[i] > players[j])
branch  0 never executed
branch  1 never executed
        -:  482:	{
    #####:  483:	  j = i;
        -:  484:	}
        -:  485:    }
    #####:  486:  highScore = players[j];
        -:  487:
        -:  488:  //add 1 to players who had less turns
    #####:  489:  currentPlayer = whoseTurn(state);
call    0 never executed
    #####:  490:  for (i = 0; i < MAX_PLAYERS; i++)
branch  0 never executed
branch  1 never executed
        -:  491:    {
    #####:  492:      if ( players[i] == highScore && i > currentPlayer )
branch  0 never executed
branch  1 never executed
branch  2 never executed
branch  3 never executed
        -:  493:	{
    #####:  494:	  players[i]++;
        -:  495:	}
        -:  496:    }
        -:  497:
        -:  498:  //find new highest score
    #####:  499:  j = 0;
    #####:  500:  for (i = 0; i < MAX_PLAYERS; i++)
branch  0 never executed
branch  1 never executed
        -:  501:    {
    #####:  502:      if ( players[i] > players[j] )
branch  0 never executed
branch  1 never executed
        -:  503:	{
    #####:  504:	  j = i;
        -:  505:	}
        -:  506:    }
    #####:  507:  highScore = players[j];
        -:  508:
        -:  509:  //set winners in array to 1 and rest to 0
    #####:  510:  for (i = 0; i < MAX_PLAYERS; i++)
branch  0 never executed
branch  1 never executed
        -:  511:    {
    #####:  512:      if ( players[i] == highScore )
branch  0 never executed
branch  1 never executed
        -:  513:	{
    #####:  514:	  players[i] = 1;
        -:  515:	}
        -:  516:      else
        -:  517:	{
    #####:  518:	  players[i] = 0;
        -:  519:	}
        -:  520:    }
        -:  521:
    #####:  522:  return 0;
        -:  523:}
        -:  524:
function drawCard called 1653 returned 100% blocks executed 92%
     1653:  525:int drawCard(int player, struct gameState *state)
        -:  526:{	int count;
        -:  527:  int deckCounter;
     1653:  528:  if (state->deckCount[player] <= 0){//Deck is empty
branch  0 taken 1% (fallthrough)
branch  1 taken 99%
        -:  529:    
        -:  530:    //Step 1 Shuffle the discard pile back into a deck
        -:  531:    int i;
        -:  532:    //Move discard to deck
      604:  533:    for (i = 0; i < state->discardCount[player];i++){
branch  0 taken 99%
branch  1 taken 1% (fallthrough)
      602:  534:      state->deck[player][i] = state->discard[player][i];
      602:  535:      state->discard[player][i] = -1;
        -:  536:    }
        -:  537:
        2:  538:    state->deckCount[player] = state->discardCount[player];
        2:  539:    state->discardCount[player] = 0;//Reset discard
        -:  540:
        -:  541:    //Shufffle the deck
        2:  542:    shuffle(player, state);//Shuffle the deck up and make it so that we can draw
call    0 returned 100%
        -:  543:   
        -:  544:    if (DEBUG){//Debug statements
        -:  545:      printf("Deck count now: %d\n", state->deckCount[player]);
        -:  546:    }
        -:  547:    
        2:  548:    state->discardCount[player] = 0;
        -:  549:
        -:  550:    //Step 2 Draw Card
        2:  551:    count = state->handCount[player];//Get current player's hand count
        -:  552:    
        -:  553:    if (DEBUG){//Debug statements
        -:  554:      printf("Current hand count: %d\n", count);
        -:  555:    }
        -:  556:    
        2:  557:    deckCounter = state->deckCount[player];//Create a holder for the deck count
        -:  558:
        2:  559:    if (deckCounter == 0)
branch  0 taken 0% (fallthrough)
branch  1 taken 100%
    #####:  560:      return -1;
        -:  561:
        2:  562:    state->hand[player][count] = state->deck[player][deckCounter - 1];//Add card to hand
        2:  563:    state->deckCount[player]--;
        2:  564:    state->handCount[player]++;//Increment hand count
        -:  565:  }
        -:  566:
        -:  567:  else{
     1651:  568:    int count = state->handCount[player];//Get current hand count for player
        -:  569:    int deckCounter;
        -:  570:    if (DEBUG){//Debug statements
        -:  571:      printf("Current hand count: %d\n", count);
        -:  572:    }
        -:  573:
     1651:  574:    deckCounter = state->deckCount[player];//Create holder for the deck count
     1651:  575:    state->hand[player][count] = state->deck[player][deckCounter - 1];//Add card to the hand
     1651:  576:    state->deckCount[player]--;
     1651:  577:    state->handCount[player]++;//Increment hand count
        -:  578:  }
        -:  579:
     1653:  580:  return 0;
        -:  581:}
        -:  582:
function getCost called 0 returned 0% blocks executed 0%
    #####:  583:int getCost(int cardNumber)
        -:  584:{
    #####:  585:  switch( cardNumber ) 
branch  0 never executed
branch  1 never executed
branch  2 never executed
branch  3 never executed
branch  4 never executed
branch  5 never executed
branch  6 never executed
branch  7 never executed
branch  8 never executed
branch  9 never executed
branch 10 never executed
branch 11 never executed
branch 12 never executed
branch 13 never executed
branch 14 never executed
branch 15 never executed
branch 16 never executed
branch 17 never executed
branch 18 never executed
branch 19 never executed
branch 20 never executed
branch 21 never executed
branch 22 never executed
branch 23 never executed
branch 24 never executed
branch 25 never executed
branch 26 never executed
branch 27 never executed
        -:  586:    {
        -:  587:    case curse:
    #####:  588:      return 0;
        -:  589:    case estate:
    #####:  590:      return 2;
        -:  591:    case duchy:
    #####:  592:      return 5;
        -:  593:    case province:
    #####:  594:      return 8;
        -:  595:    case copper:
    #####:  596:      return 0;
        -:  597:    case silver:
    #####:  598:      return 3;
        -:  599:    case gold:
    #####:  600:      return 6;
        -:  601:    case adventurer:
    #####:  602:      return 6;
        -:  603:    case council_room:
    #####:  604:      return 5;
        -:  605:    case feast:
    #####:  606:      return 4;
        -:  607:    case gardens:
    #####:  608:      return 4;
        -:  609:    case mine:
    #####:  610:      return 5;
        -:  611:    case remodel:
    #####:  612:      return 4;
        -:  613:    case smithy:
    #####:  614:      return 4;
        -:  615:    case village:
    #####:  616:      return 3;
        -:  617:    case baron:
    #####:  618:      return 4;
        -:  619:    case great_hall:
    #####:  620:      return 3;
        -:  621:    case minion:
    #####:  622:      return 5;
        -:  623:    case steward:
    #####:  624:      return 3;
        -:  625:    case tribute:
    #####:  626:      return 5;
        -:  627:    case ambassador:
    #####:  628:      return 3;
        -:  629:    case cutpurse:
    #####:  630:      return 4;
        -:  631:    case embargo: 
    #####:  632:      return 2;
        -:  633:    case outpost:
    #####:  634:      return 5;
        -:  635:    case salvager:
    #####:  636:      return 4;
        -:  637:    case sea_hag:
    #####:  638:      return 4;
        -:  639:    case treasure_map:
    #####:  640:      return 4;
        -:  641:    }
        -:  642:	
    #####:  643:  return -1;
        -:  644:}
        -:  645:
        -:  646:// Performs the actions of the adventurer card
function AdventurerAction called 52 returned 100% blocks executed 100%
       52:  647:int AdventurerAction(struct gameState *state)
        -:  648:{
       52:  649:	int drawntreasure = 0;
       52:  650:	int currentPlayer = whoseTurn(state);
call    0 returned 100%
        -:  651:	int cardDrawn;
        -:  652:	int temphand[MAX_HAND];// moved above the if statement
       52:  653:	int z = 0;// this is the counter for the temp hand
        -:  654:
        -:  655:	//jcd: fixing played card not discarded
       52:  656:	state->discard[currentPlayer][state->discardCount[currentPlayer]++] = state->hand[currentPlayer][(state->handCount[currentPlayer]--) - 1];
        -:  657:
     1528:  658:	while (drawntreasure < 2) {
branch  0 taken 96%
branch  1 taken 4% (fallthrough)
     1424:  659:		if (state->deckCount[currentPlayer] < 1) {//if the deck is empty we need to shuffle discard and add to deck
branch  0 taken 1% (fallthrough)
branch  1 taken 99%
        2:  660:			shuffle(currentPlayer, state);
call    0 returned 100%
        -:  661:		}
     1424:  662:		drawCard(currentPlayer, state);
call    0 returned 100%
     1424:  663:		cardDrawn = state->hand[currentPlayer][state->handCount[currentPlayer] - 1];//top card of hand is most recently drawn card.
     1424:  664:		if (/*BUG: cardDrawn = copper, changed to:*/cardDrawn == copper || cardDrawn == silver || cardDrawn == gold)
branch  0 taken 97% (fallthrough)
branch  1 taken 3%
branch  2 taken 98% (fallthrough)
branch  3 taken 2%
branch  4 taken 2% (fallthrough)
branch  5 taken 98%
      104:  665:			drawntreasure++;
        -:  666:		else {
     1320:  667:			temphand[z] = cardDrawn;
     1320:  668:			state->handCount[currentPlayer]--; //this should just remove the top card (the most recently drawn one).
     1320:  669:			z++;
        -:  670:		}
        -:  671:	}
     1424:  672:	while (z - 1 >= 0) {
branch  0 taken 96%
branch  1 taken 4% (fallthrough)
     1320:  673:		state->discard[currentPlayer][state->discardCount[currentPlayer]++] = temphand[z - 1]; // discard all cards in play that have been drawn
     1320:  674:		z = z - 1;
        -:  675:	}
       52:  676:	return 0;
        -:  677:}
        -:  678:
        -:  679:// Performs the actions of the smithy card
function SmithyAction called 53 returned 100% blocks executed 100%
       53:  680:int SmithyAction(struct gameState *state, int handPos)
        -:  681:{
       53:  682:	int currentPlayer = whoseTurn(state);
call    0 returned 100%
        -:  683:
        -:  684:	//discard played card
       53:  685:	state->discard[currentPlayer][state->discardCount[currentPlayer]++] = state->hand[currentPlayer][(state->handCount[currentPlayer]--) - 1];
        -:  686:
        -:  687:
        -:  688:	//+3 Cards
      212:  689:	for (/*BUG: int i = 1, changed to:*/int i = 0; i < 3; i++)
branch  0 taken 75%
branch  1 taken 25% (fallthrough)
        -:  690:	{
      159:  691:		drawCard(currentPlayer, state);
call    0 returned 100%
        -:  692:	}
        -:  693:
        -:  694:	//discard card from hand
        -:  695:	//discardCard(handPos, currentPlayer, state, 0);
       53:  696:	return 0;
        -:  697:}
        -:  698:
        -:  699:// Performs the actions of the village card
function VillageAction called 50 returned 100% blocks executed 100%
       50:  700:int VillageAction(struct gameState *state, int handPos)
        -:  701:{
       50:  702:	int currentPlayer = whoseTurn(state);
call    0 returned 100%
        -:  703:
        -:  704:	//discard played card
       50:  705:	state->discard[currentPlayer][state->discardCount[currentPlayer]++] = state->hand[currentPlayer][(state->handCount[currentPlayer]--) - 1];
        -:  706:
        -:  707:	//+1 Card
       50:  708:	drawCard(currentPlayer, state);
call    0 returned 100%
        -:  709:
        -:  710:	//+2 Actions
       50:  711:	state->numActions = /*BUG: state->numActions++, changed to:*/state->numActions + 2;
        -:  712:
        -:  713:	//discard played card from hand
        -:  714:	//discardCard(handPos, currentPlayer, state, 0);
       50:  715:	return 0;
        -:  716:}
        -:  717:
        -:  718:// Performs the actions of the sea hag card
function SeaHagAction called 52 returned 100% blocks executed 100%
       52:  719:int SeaHagAction(struct gameState *state)
        -:  720:{
       52:  721:	int currentPlayer = whoseTurn(state);
call    0 returned 100%
        -:  722:
      260:  723:	for (int i = 0; i < state->numPlayers; i++) {
branch  0 taken 80%
branch  1 taken 20% (fallthrough)
      208:  724:		if (/*BUG: i == currentPlayer, changed to !=*/i != currentPlayer) {
branch  0 taken 75% (fallthrough)
branch  1 taken 25%
      156:  725:			state->discard[i][state->discardCount[i]++] = state->deck[i][(state->deckCount[i]--) - 1];		
        -:  726:
        -:  727:			/*BUG: THE FOLLOWING WAS BUGGY TO BEGIN WITH IN ORIGINAL DOMINION*/
        -:  728:			/* so i'm fixing it -dutrajo*/
        -:  729:			//state->deckCount[i]--;
        -:  730:			//state->discardCount[i]++;
        -:  731:			//state->deck[i][state->deckCount[i]--] = curse;//Top card now a curse
        -:  732:			/* END OF ORIGINAL BUGGY DOMINION CODE*/
        -:  733:
        -:  734:			/*dutrajo - my addition*/
      156:  735:			state->deck[i][state->deckCount[i]++] = curse;//Top card now a curse
        -:  736:		}
        -:  737:	}
        -:  738:
        -:  739:	/*dutrajo - now discard the played card*/
       52:  740:	state->discard[currentPlayer][state->discardCount[currentPlayer]++] = state->hand[currentPlayer][(state->handCount[currentPlayer]--) - 1];
        -:  741:
       52:  742:	return 0;
        -:  743:}
        -:  744:
        -:  745:// Performs the actions of the outpost card
function OutpostAction called 0 returned 0% blocks executed 0%
    #####:  746:int OutpostAction(struct gameState *state, int handPos)
        -:  747:{
    #####:  748:	int currentPlayer = whoseTurn(state);
call    0 never executed
        -:  749:
        -:  750:	//set outpost flag
    #####:  751:	state->outpostPlayed++;
        -:  752:
        -:  753:	//discard card
    #####:  754:	discardCard(handPos, currentPlayer, state, 0);
call    0 never executed
    #####:  755:	return 0;
        -:  756:}
        -:  757:
function cardEffect called 207 returned 100% blocks executed 4%
      207:  758:int cardEffect(int card, int choice1, int choice2, int choice3, struct gameState *state, int handPos, int *bonus)
        -:  759:{
        -:  760:  int i;
        -:  761:  int j;
        -:  762:  int k;
        -:  763:  int x;
        -:  764:  int index;
      207:  765:  int currentPlayer = whoseTurn(state);
call    0 returned 100%
      207:  766:  int nextPlayer = currentPlayer + 1;
        -:  767:
      207:  768:  int tributeRevealedCards[2] = {-1, -1};
        -:  769:  int temphand[MAX_HAND];// moved above the if statement
        -:  770:  //int drawntreasure=0;
        -:  771:  //int cardDrawn;
        -:  772:  //int z = 0;// this is the counter for the temp hand
      207:  773:  if (nextPlayer > (state->numPlayers - 1)){
branch  0 taken 34% (fallthrough)
branch  1 taken 66%
       70:  774:    nextPlayer = 0;
        -:  775:  }
        -:  776:  
        -:  777:	
        -:  778:  //uses switch to select card and perform actions
      207:  779:  switch( card ) 
branch  0 taken 25%
branch  1 taken 0%
branch  2 taken 0%
branch  3 taken 0%
branch  4 taken 0%
branch  5 taken 0%
branch  6 taken 26%
branch  7 taken 24%
branch  8 taken 0%
branch  9 taken 0%
branch 10 taken 0%
branch 11 taken 0%
branch 12 taken 0%
branch 13 taken 0%
branch 14 taken 0%
branch 15 taken 0%
branch 16 taken 0%
branch 17 taken 0%
branch 18 taken 25%
branch 19 taken 0%
branch 20 taken 0%
        -:  780:    {
        -:  781:    case adventurer:
       52:  782:		return AdventurerAction(state);
call    0 returned 100%
        -:  783:			
        -:  784:    case council_room:
        -:  785:      //+4 Cards
    #####:  786:      for (i = 0; i < 4; i++)
branch  0 never executed
branch  1 never executed
        -:  787:	{
    #####:  788:	  drawCard(currentPlayer, state);
call    0 never executed
        -:  789:	}
        -:  790:			
        -:  791:      //+1 Buy
    #####:  792:      state->numBuys++;
        -:  793:			
        -:  794:      //Each other player draws a card
    #####:  795:      for (i = 0; i < state->numPlayers; i++)
branch  0 never executed
branch  1 never executed
        -:  796:	{
    #####:  797:	  if ( i != currentPlayer )
branch  0 never executed
branch  1 never executed
        -:  798:	    {
    #####:  799:	      drawCard(i, state);
call    0 never executed
        -:  800:	    }
        -:  801:	}
        -:  802:			
        -:  803:      //put played card in played card pile
    #####:  804:      discardCard(handPos, currentPlayer, state, 0);
call    0 never executed
        -:  805:			
    #####:  806:      return 0;
        -:  807:			
        -:  808:    case feast:
        -:  809:      //gain card with cost up to 5
        -:  810:      //Backup hand
    #####:  811:      for (i = 0; i <= state->handCount[currentPlayer]; i++){
branch  0 never executed
branch  1 never executed
    #####:  812:	temphand[i] = state->hand[currentPlayer][i];//Backup card
    #####:  813:	state->hand[currentPlayer][i] = -1;//Set to nothing
        -:  814:      }
        -:  815:      //Backup hand
        -:  816:
        -:  817:      //Update Coins for Buy
    #####:  818:      updateCoins(currentPlayer, state, 5);
call    0 never executed
    #####:  819:      x = 1;//Condition to loop on
    #####:  820:      while( x == 1) {//Buy one card
branch  0 never executed
branch  1 never executed
    #####:  821:	if (supplyCount(choice1, state) <= 0){
call    0 never executed
branch  1 never executed
branch  2 never executed
        -:  822:	  if (DEBUG)
        -:  823:	    printf("None of that card left, sorry!\n");
        -:  824:
        -:  825:	  if (DEBUG){
        -:  826:	    printf("Cards Left: %d\n", supplyCount(choice1, state));
        -:  827:	  }
        -:  828:	}
    #####:  829:	else if (state->coins < getCost(choice1)){
call    0 never executed
branch  1 never executed
branch  2 never executed
    #####:  830:	  printf("That card is too expensive!\n");
call    0 never executed
        -:  831:
        -:  832:	  if (DEBUG){
        -:  833:	    printf("Coins: %d < %d\n", state->coins, getCost(choice1));
        -:  834:	  }
        -:  835:	}
        -:  836:	else{
        -:  837:
        -:  838:	  if (DEBUG){
        -:  839:	    printf("Deck Count: %d\n", state->handCount[currentPlayer] + state->deckCount[currentPlayer] + state->discardCount[currentPlayer]);
        -:  840:	  }
        -:  841:
    #####:  842:	  gainCard(choice1, state, 0, currentPlayer);//Gain the card
call    0 never executed
    #####:  843:	  x = 0;//No more buying cards
        -:  844:
        -:  845:	  if (DEBUG){
        -:  846:	    printf("Deck Count: %d\n", state->handCount[currentPlayer] + state->deckCount[currentPlayer] + state->discardCount[currentPlayer]);
        -:  847:	  }
        -:  848:
        -:  849:	}
        -:  850:      }     
        -:  851:
        -:  852:      //Reset Hand
    #####:  853:      for (i = 0; i <= state->handCount[currentPlayer]; i++){
branch  0 never executed
branch  1 never executed
    #####:  854:	state->hand[currentPlayer][i] = temphand[i];
    #####:  855:	temphand[i] = -1;
        -:  856:      }
        -:  857:      //Reset Hand
        -:  858:      			
    #####:  859:      return 0;
        -:  860:			
        -:  861:    case gardens:
    #####:  862:      return -1;
        -:  863:			
        -:  864:    case mine:
    #####:  865:      j = state->hand[currentPlayer][choice1];  //store card we will trash
        -:  866:
    #####:  867:      if (state->hand[currentPlayer][choice1] < copper || state->hand[currentPlayer][choice1] > gold)
branch  0 never executed
branch  1 never executed
branch  2 never executed
branch  3 never executed
        -:  868:	{
    #####:  869:	  return -1;
        -:  870:	}
        -:  871:		
    #####:  872:      if (choice2 > treasure_map || choice2 < curse)
branch  0 never executed
branch  1 never executed
branch  2 never executed
branch  3 never executed
        -:  873:	{
    #####:  874:	  return -1;
        -:  875:	}
        -:  876:
    #####:  877:      if ( (getCost(state->hand[currentPlayer][choice1]) + 3) > getCost(choice2) )
call    0 never executed
call    1 never executed
branch  2 never executed
branch  3 never executed
        -:  878:	{
    #####:  879:	  return -1;
        -:  880:	}
        -:  881:
    #####:  882:      gainCard(choice2, state, 2, currentPlayer);
call    0 never executed
        -:  883:
        -:  884:      //discard card from hand
    #####:  885:      discardCard(handPos, currentPlayer, state, 0);
call    0 never executed
        -:  886:
        -:  887:      //discard trashed card
    #####:  888:      for (i = 0; i < state->handCount[currentPlayer]; i++)
branch  0 never executed
branch  1 never executed
        -:  889:	{
    #####:  890:	  if (state->hand[currentPlayer][i] == j)
branch  0 never executed
branch  1 never executed
        -:  891:	    {
    #####:  892:	      discardCard(i, currentPlayer, state, 0);			
call    0 never executed
    #####:  893:	      break;
        -:  894:	    }
        -:  895:	}
        -:  896:			
    #####:  897:      return 0;
        -:  898:			
        -:  899:    case remodel:
    #####:  900:      j = state->hand[currentPlayer][choice1];  //store card we will trash
        -:  901:
    #####:  902:      if ( (getCost(state->hand[currentPlayer][choice1]) + 2) > getCost(choice2) )
call    0 never executed
call    1 never executed
branch  2 never executed
branch  3 never executed
        -:  903:	{
    #####:  904:	  return -1;
        -:  905:	}
        -:  906:
    #####:  907:      gainCard(choice2, state, 0, currentPlayer);
call    0 never executed
        -:  908:
        -:  909:      //discard card from hand
    #####:  910:      discardCard(handPos, currentPlayer, state, 0);
call    0 never executed
        -:  911:
        -:  912:      //discard trashed card
    #####:  913:      for (i = 0; i < state->handCount[currentPlayer]; i++)
branch  0 never executed
branch  1 never executed
        -:  914:	{
    #####:  915:	  if (state->hand[currentPlayer][i] == j)
branch  0 never executed
branch  1 never executed
        -:  916:	    {
    #####:  917:	      discardCard(i, currentPlayer, state, 0);			
call    0 never executed
    #####:  918:	      break;
        -:  919:	    }
        -:  920:	}
        -:  921:
        -:  922:
    #####:  923:      return 0;
        -:  924:		
        -:  925:    case smithy:
       53:  926:		return SmithyAction(state, handPos);
call    0 returned 100%
        -:  927:		
        -:  928:    case village:
       50:  929:		return VillageAction(state, handPos);
call    0 returned 100%
        -:  930:		
        -:  931:    case baron:
    #####:  932:      state->numBuys++;//Increase buys by 1!
    #####:  933:      if (choice1 > 0){//Boolean true or going to discard an estate
branch  0 never executed
branch  1 never executed
    #####:  934:	int p = 0;//Iterator for hand!
    #####:  935:	int card_not_discarded = 1;//Flag for discard set!
    #####:  936:	while(card_not_discarded){
branch  0 never executed
branch  1 never executed
    #####:  937:	  if (state->hand[currentPlayer][p] == estate){//Found an estate card!
branch  0 never executed
branch  1 never executed
    #####:  938:	    state->coins += 4;//Add 4 coins to the amount of coins
    #####:  939:	    state->discard[currentPlayer][state->discardCount[currentPlayer]] = state->hand[currentPlayer][p];
    #####:  940:	    state->discardCount[currentPlayer]++;
    #####:  941:	    for (;p < state->handCount[currentPlayer]; p++){
branch  0 never executed
branch  1 never executed
    #####:  942:	      state->hand[currentPlayer][p] = state->hand[currentPlayer][p+1];
        -:  943:	    }
    #####:  944:	    state->hand[currentPlayer][state->handCount[currentPlayer]] = -1;
    #####:  945:	    state->handCount[currentPlayer]--;
    #####:  946:	    card_not_discarded = 0;//Exit the loop
        -:  947:	  }
    #####:  948:	  else if (p > state->handCount[currentPlayer]){
branch  0 never executed
branch  1 never executed
        -:  949:	    if(DEBUG) {
        -:  950:	      printf("No estate cards in your hand, invalid choice\n");
        -:  951:	      printf("Must gain an estate if there are any\n");
        -:  952:	    }
    #####:  953:	    if (supplyCount(estate, state) > 0){
call    0 never executed
branch  1 never executed
branch  2 never executed
    #####:  954:	      gainCard(estate, state, 0, currentPlayer);
call    0 never executed
    #####:  955:	      state->supplyCount[estate]--;//Decrement estates
    #####:  956:	      if (supplyCount(estate, state) == 0){
call    0 never executed
branch  1 never executed
branch  2 never executed
    #####:  957:		isGameOver(state);
call    0 never executed
        -:  958:	      }
        -:  959:	    }
    #####:  960:	    card_not_discarded = 0;//Exit the loop
        -:  961:	  }
        -:  962:			    
        -:  963:	  else{
    #####:  964:	    p++;//Next card
        -:  965:	  }
        -:  966:	}
        -:  967:      }
        -:  968:			    
        -:  969:      else{
    #####:  970:	if (supplyCount(estate, state) > 0){
call    0 never executed
branch  1 never executed
branch  2 never executed
    #####:  971:	  gainCard(estate, state, 0, currentPlayer);//Gain an estate
call    0 never executed
    #####:  972:	  state->supplyCount[estate]--;//Decrement Estates
    #####:  973:	  if (supplyCount(estate, state) == 0){
call    0 never executed
branch  1 never executed
branch  2 never executed
    #####:  974:	    isGameOver(state);
call    0 never executed
        -:  975:	  }
        -:  976:	}
        -:  977:      }
        -:  978:	    
        -:  979:      
    #####:  980:      return 0;
        -:  981:		
        -:  982:    case great_hall:
        -:  983:      //+1 Card
    #####:  984:      drawCard(currentPlayer, state);
call    0 never executed
        -:  985:			
        -:  986:      //+1 Actions
    #####:  987:      state->numActions++;
        -:  988:			
        -:  989:      //discard card from hand
    #####:  990:      discardCard(handPos, currentPlayer, state, 0);
call    0 never executed
    #####:  991:      return 0;
        -:  992:		
        -:  993:    case minion:
        -:  994:      //+1 action
    #####:  995:      state->numActions++;
        -:  996:			
        -:  997:      //discard card from hand
    #####:  998:      discardCard(handPos, currentPlayer, state, 0);
call    0 never executed
        -:  999:			
    #####: 1000:      if (choice1)		//+2 coins
branch  0 never executed
branch  1 never executed
        -: 1001:	{
    #####: 1002:	  state->coins = state->coins + 2;
        -: 1003:	}
        -: 1004:			
    #####: 1005:      else if (choice2)		//discard hand, redraw 4, other players with 5+ cards discard hand and draw 4
branch  0 never executed
branch  1 never executed
        -: 1006:	{
        -: 1007:	  //discard hand
    #####: 1008:	  while(numHandCards(state) > 0)
call    0 never executed
branch  1 never executed
branch  2 never executed
        -: 1009:	    {
    #####: 1010:	      discardCard(handPos, currentPlayer, state, 0);
call    0 never executed
        -: 1011:	    }
        -: 1012:				
        -: 1013:	  //draw 4
    #####: 1014:	  for (i = 0; i < 4; i++)
branch  0 never executed
branch  1 never executed
        -: 1015:	    {
    #####: 1016:	      drawCard(currentPlayer, state);
call    0 never executed
        -: 1017:	    }
        -: 1018:				
        -: 1019:	  //other players discard hand and redraw if hand size > 4
    #####: 1020:	  for (i = 0; i < state->numPlayers; i++)
branch  0 never executed
branch  1 never executed
        -: 1021:	    {
    #####: 1022:	      if (i != currentPlayer)
branch  0 never executed
branch  1 never executed
        -: 1023:		{
    #####: 1024:		  if ( state->handCount[i] > 4 )
branch  0 never executed
branch  1 never executed
        -: 1025:		    {
        -: 1026:		      //discard hand
    #####: 1027:		      while( state->handCount[i] > 0 )
branch  0 never executed
branch  1 never executed
        -: 1028:			{
    #####: 1029:			  discardCard(handPos, i, state, 0);
call    0 never executed
        -: 1030:			}
        -: 1031:							
        -: 1032:		      //draw 4
    #####: 1033:		      for (j = 0; j < 4; j++)
branch  0 never executed
branch  1 never executed
        -: 1034:			{
    #####: 1035:			  drawCard(i, state);
call    0 never executed
        -: 1036:			}
        -: 1037:		    }
        -: 1038:		}
        -: 1039:	    }
        -: 1040:				
        -: 1041:	}
    #####: 1042:      return 0;
        -: 1043:		
        -: 1044:    case steward:
    #####: 1045:      if (choice1 == 1)
branch  0 never executed
branch  1 never executed
        -: 1046:	{
        -: 1047:	  //+2 cards
    #####: 1048:	  drawCard(currentPlayer, state);
call    0 never executed
    #####: 1049:	  drawCard(currentPlayer, state);
call    0 never executed
        -: 1050:	}
    #####: 1051:      else if (choice1 == 2)
branch  0 never executed
branch  1 never executed
        -: 1052:	{
        -: 1053:	  //+2 coins
    #####: 1054:	  state->coins = state->coins + 2;
        -: 1055:	}
        -: 1056:      else
        -: 1057:	{
        -: 1058:	  //trash 2 cards in hand
    #####: 1059:	  discardCard(choice2, currentPlayer, state, 1);
call    0 never executed
    #####: 1060:	  discardCard(choice3, currentPlayer, state, 1);
call    0 never executed
        -: 1061:	}
        -: 1062:			
        -: 1063:      //discard card from hand
    #####: 1064:      discardCard(handPos, currentPlayer, state, 0);
call    0 never executed
    #####: 1065:      return 0;
        -: 1066:		
        -: 1067:    case tribute:
    #####: 1068:      if ((state->discardCount[nextPlayer] + state->deckCount[nextPlayer]) <= 1){
branch  0 never executed
branch  1 never executed
    #####: 1069:	if (state->deckCount[nextPlayer] > 0){
branch  0 never executed
branch  1 never executed
    #####: 1070:	  tributeRevealedCards[0] = state->deck[nextPlayer][state->deckCount[nextPlayer]-1];
    #####: 1071:	  state->deckCount[nextPlayer]--;
        -: 1072:	}
    #####: 1073:	else if (state->discardCount[nextPlayer] > 0){
branch  0 never executed
branch  1 never executed
    #####: 1074:	  tributeRevealedCards[0] = state->discard[nextPlayer][state->discardCount[nextPlayer]-1];
    #####: 1075:	  state->discardCount[nextPlayer]--;
        -: 1076:	}
        -: 1077:	else{
        -: 1078:	  //No Card to Reveal
        -: 1079:	  if (DEBUG){
        -: 1080:	    printf("No cards to reveal\n");
        -: 1081:	  }
        -: 1082:	}
        -: 1083:      }
        -: 1084:	    
        -: 1085:      else{
    #####: 1086:	if (state->deckCount[nextPlayer] == 0){
branch  0 never executed
branch  1 never executed
    #####: 1087:	  for (i = 0; i < state->discardCount[nextPlayer]; i++){
branch  0 never executed
branch  1 never executed
    #####: 1088:	    state->deck[nextPlayer][i] = state->discard[nextPlayer][i];//Move to deck
    #####: 1089:	    state->deckCount[nextPlayer]++;
    #####: 1090:	    state->discard[nextPlayer][i] = -1;
    #####: 1091:	    state->discardCount[nextPlayer]--;
        -: 1092:	  }
        -: 1093:			    
    #####: 1094:	  shuffle(nextPlayer,state);//Shuffle the deck
call    0 never executed
        -: 1095:	} 
    #####: 1096:	tributeRevealedCards[0] = state->deck[nextPlayer][state->deckCount[nextPlayer]-1];
    #####: 1097:	state->deck[nextPlayer][state->deckCount[nextPlayer]--] = -1;
    #####: 1098:	state->deckCount[nextPlayer]--;
    #####: 1099:	tributeRevealedCards[1] = state->deck[nextPlayer][state->deckCount[nextPlayer]-1];
    #####: 1100:	state->deck[nextPlayer][state->deckCount[nextPlayer]--] = -1;
    #####: 1101:	state->deckCount[nextPlayer]--;
        -: 1102:      }    
        -: 1103:		       
    #####: 1104:      if (tributeRevealedCards[0] == tributeRevealedCards[1]){//If we have a duplicate card, just drop one 
branch  0 never executed
branch  1 never executed
    #####: 1105:	state->playedCards[state->playedCardCount] = tributeRevealedCards[1];
    #####: 1106:	state->playedCardCount++;
    #####: 1107:	tributeRevealedCards[1] = -1;
        -: 1108:      }
        -: 1109:
    #####: 1110:      for (i = 0; i <= 2; i ++){
branch  0 never executed
branch  1 never executed
    #####: 1111:	if (tributeRevealedCards[i] == copper || tributeRevealedCards[i] == silver || tributeRevealedCards[i] == gold){//Treasure cards
branch  0 never executed
branch  1 never executed
branch  2 never executed
branch  3 never executed
branch  4 never executed
branch  5 never executed
    #####: 1112:	  state->coins += 2;
        -: 1113:	}
        -: 1114:		    
    #####: 1115:	else if (tributeRevealedCards[i] == estate || tributeRevealedCards[i] == duchy || tributeRevealedCards[i] == province || tributeRevealedCards[i] == gardens || tributeRevealedCards[i] == great_hall){//Victory Card Found
branch  0 never executed
branch  1 never executed
branch  2 never executed
branch  3 never executed
branch  4 never executed
branch  5 never executed
branch  6 never executed
branch  7 never executed
branch  8 never executed
branch  9 never executed
    #####: 1116:	  drawCard(currentPlayer, state);
call    0 never executed
    #####: 1117:	  drawCard(currentPlayer, state);
call    0 never executed
        -: 1118:	}
        -: 1119:	else{//Action Card
    #####: 1120:	  state->numActions = state->numActions + 2;
        -: 1121:	}
        -: 1122:      }
        -: 1123:	    
    #####: 1124:      return 0;
        -: 1125:		
        -: 1126:    case ambassador:
    #####: 1127:      j = 0;		//used to check if player has enough cards to discard
        -: 1128:
    #####: 1129:      if (choice2 > 2 || choice2 < 0)
branch  0 never executed
branch  1 never executed
branch  2 never executed
branch  3 never executed
        -: 1130:	{
    #####: 1131:	  return -1;				
        -: 1132:	}
        -: 1133:
    #####: 1134:      if (choice1 == handPos)
branch  0 never executed
branch  1 never executed
        -: 1135:	{
    #####: 1136:	  return -1;
        -: 1137:	}
        -: 1138:
    #####: 1139:      for (i = 0; i < state->handCount[currentPlayer]; i++)
branch  0 never executed
branch  1 never executed
        -: 1140:	{
    #####: 1141:	  if (i != handPos && i == state->hand[currentPlayer][choice1] && i != choice1)
branch  0 never executed
branch  1 never executed
branch  2 never executed
branch  3 never executed
branch  4 never executed
branch  5 never executed
        -: 1142:	    {
    #####: 1143:	      j++;
        -: 1144:	    }
        -: 1145:	}
    #####: 1146:      if (j < choice2)
branch  0 never executed
branch  1 never executed
        -: 1147:	{
    #####: 1148:	  return -1;				
        -: 1149:	}
        -: 1150:
        -: 1151:      if (DEBUG) 
        -: 1152:	printf("Player %d reveals card number: %d\n", currentPlayer, state->hand[currentPlayer][choice1]);
        -: 1153:
        -: 1154:      //increase supply count for choosen card by amount being discarded
    #####: 1155:      state->supplyCount[state->hand[currentPlayer][choice1]] += choice2;
        -: 1156:			
        -: 1157:      //each other player gains a copy of revealed card
    #####: 1158:      for (i = 0; i < state->numPlayers; i++)
branch  0 never executed
branch  1 never executed
        -: 1159:	{
    #####: 1160:	  if (i != currentPlayer)
branch  0 never executed
branch  1 never executed
        -: 1161:	    {
    #####: 1162:	      gainCard(state->hand[currentPlayer][choice1], state, 0, i);
call    0 never executed
        -: 1163:	    }
        -: 1164:	}
        -: 1165:
        -: 1166:      //discard played card from hand
    #####: 1167:      discardCard(handPos, currentPlayer, state, 0);			
call    0 never executed
        -: 1168:
        -: 1169:      //trash copies of cards returned to supply
    #####: 1170:      for (j = 0; j < choice2; j++)
branch  0 never executed
branch  1 never executed
        -: 1171:	{
    #####: 1172:	  for (i = 0; i < state->handCount[currentPlayer]; i++)
branch  0 never executed
branch  1 never executed
        -: 1173:	    {
    #####: 1174:	      if (state->hand[currentPlayer][i] == state->hand[currentPlayer][choice1])
branch  0 never executed
branch  1 never executed
        -: 1175:		{
    #####: 1176:		  discardCard(i, currentPlayer, state, 1);
call    0 never executed
    #####: 1177:		  break;
        -: 1178:		}
        -: 1179:	    }
        -: 1180:	}			
        -: 1181:
    #####: 1182:      return 0;
        -: 1183:		
        -: 1184:    case cutpurse:
        -: 1185:
    #####: 1186:      updateCoins(currentPlayer, state, 2);
call    0 never executed
    #####: 1187:      for (i = 0; i < state->numPlayers; i++)
branch  0 never executed
branch  1 never executed
        -: 1188:	{
    #####: 1189:	  if (i != currentPlayer)
branch  0 never executed
branch  1 never executed
        -: 1190:	    {
    #####: 1191:	      for (j = 0; j < state->handCount[i]; j++)
branch  0 never executed
branch  1 never executed
        -: 1192:		{
    #####: 1193:		  if (state->hand[i][j] == copper)
branch  0 never executed
branch  1 never executed
        -: 1194:		    {
    #####: 1195:		      discardCard(j, i, state, 0);
call    0 never executed
    #####: 1196:		      break;
        -: 1197:		    }
    #####: 1198:		  if (j == state->handCount[i])
branch  0 never executed
branch  1 never executed
        -: 1199:		    {
    #####: 1200:		      for (k = 0; k < state->handCount[i]; k++)
branch  0 never executed
branch  1 never executed
        -: 1201:			{
        -: 1202:			  if (DEBUG)
        -: 1203:			    printf("Player %d reveals card number %d\n", i, state->hand[i][k]);
        -: 1204:			}	
    #####: 1205:		      break;
        -: 1206:		    }		
        -: 1207:		}
        -: 1208:					
        -: 1209:	    }
        -: 1210:				
        -: 1211:	}				
        -: 1212:
        -: 1213:      //discard played card from hand
    #####: 1214:      discardCard(handPos, currentPlayer, state, 0);			
call    0 never executed
        -: 1215:
    #####: 1216:      return 0;
        -: 1217:
        -: 1218:		
        -: 1219:    case embargo: 
        -: 1220:      //+2 Coins
    #####: 1221:      state->coins = state->coins + 2;
        -: 1222:			
        -: 1223:      //see if selected pile is in play
    #####: 1224:      if ( state->supplyCount[choice1] == -1 )
branch  0 never executed
branch  1 never executed
        -: 1225:	{
    #####: 1226:	  return -1;
        -: 1227:	}
        -: 1228:			
        -: 1229:      //add embargo token to selected supply pile
    #####: 1230:      state->embargoTokens[choice1]++;
        -: 1231:			
        -: 1232:      //trash card
    #####: 1233:      discardCard(handPos, currentPlayer, state, 1);		
call    0 never executed
    #####: 1234:      return 0;
        -: 1235:		
        -: 1236:    case outpost:
    #####: 1237:		return OutpostAction(state, handPos);
call    0 never executed
        -: 1238:		
        -: 1239:    case salvager:
        -: 1240:      //+1 buy
    #####: 1241:      state->numBuys++;
        -: 1242:			
    #####: 1243:      if (choice1)
branch  0 never executed
branch  1 never executed
        -: 1244:	{
        -: 1245:	  //gain coins equal to trashed card
    #####: 1246:	  state->coins = state->coins + getCost( handCard(choice1, state) );
call    0 never executed
call    1 never executed
        -: 1247:	  //trash card
    #####: 1248:	  discardCard(choice1, currentPlayer, state, 1);	
call    0 never executed
        -: 1249:	}
        -: 1250:			
        -: 1251:      //discard card
    #####: 1252:      discardCard(handPos, currentPlayer, state, 0);
call    0 never executed
    #####: 1253:      return 0;
        -: 1254:		
        -: 1255:    case sea_hag:
       52: 1256:		return SeaHagAction(state);
call    0 returned 100%
        -: 1257:		
        -: 1258:    case treasure_map:
        -: 1259:      //search hand for another treasure_map
    #####: 1260:      index = -1;
    #####: 1261:      for (i = 0; i < state->handCount[currentPlayer]; i++)
branch  0 never executed
branch  1 never executed
        -: 1262:	{
    #####: 1263:	  if (state->hand[currentPlayer][i] == treasure_map && i != handPos)
branch  0 never executed
branch  1 never executed
branch  2 never executed
branch  3 never executed
        -: 1264:	    {
    #####: 1265:	      index = i;
    #####: 1266:	      break;
        -: 1267:	    }
        -: 1268:	}
    #####: 1269:      if (index > -1)
branch  0 never executed
branch  1 never executed
        -: 1270:	{
        -: 1271:	  //trash both treasure cards
    #####: 1272:	  discardCard(handPos, currentPlayer, state, 1);
call    0 never executed
    #####: 1273:	  discardCard(index, currentPlayer, state, 1);
call    0 never executed
        -: 1274:
        -: 1275:	  //gain 4 Gold cards
    #####: 1276:	  for (i = 0; i < 4; i++)
branch  0 never executed
branch  1 never executed
        -: 1277:	    {
    #####: 1278:	      gainCard(gold, state, 1, currentPlayer);
call    0 never executed
        -: 1279:	    }
        -: 1280:				
        -: 1281:	  //return success
    #####: 1282:	  return 1;
        -: 1283:	}
        -: 1284:			
        -: 1285:      //no second treasure_map found in hand
    #####: 1286:      return -1;
        -: 1287:    }
        -: 1288:	
    #####: 1289:  return -1;
        -: 1290:}
        -: 1291:
function discardCard called 0 returned 0% blocks executed 0%
    #####: 1292:int discardCard(int handPos, int currentPlayer, struct gameState *state, int trashFlag)
        -: 1293:{
        -: 1294:	
        -: 1295:  //if card is not trashed, added to Played pile 
    #####: 1296:  if (trashFlag < 1)
branch  0 never executed
branch  1 never executed
        -: 1297:    {
        -: 1298:      //add card to played pile
    #####: 1299:      state->playedCards[state->playedCardCount] = state->hand[currentPlayer][handPos]; 
    #####: 1300:      state->playedCardCount++;
        -: 1301:    }
        -: 1302:	
        -: 1303:  //set played card to -1
    #####: 1304:  state->hand[currentPlayer][handPos] = -1;
        -: 1305:	
        -: 1306:  //remove card from player's hand
    #####: 1307:  if ( handPos == (state->handCount[currentPlayer] - 1) ) 	//last card in hand array is played
branch  0 never executed
branch  1 never executed
        -: 1308:    {
        -: 1309:      //reduce number of cards in hand
    #####: 1310:      state->handCount[currentPlayer]--;
        -: 1311:    }
    #####: 1312:  else if ( state->handCount[currentPlayer] == 1 ) //only one card in hand
branch  0 never executed
branch  1 never executed
        -: 1313:    {
        -: 1314:      //reduce number of cards in hand
    #####: 1315:      state->handCount[currentPlayer]--;
        -: 1316:    }
        -: 1317:  else 	
        -: 1318:    {
        -: 1319:      //replace discarded card with last card in hand
    #####: 1320:      state->hand[currentPlayer][handPos] = state->hand[currentPlayer][ (state->handCount[currentPlayer] - 1)];
        -: 1321:      //set last card to -1
    #####: 1322:      state->hand[currentPlayer][state->handCount[currentPlayer] - 1] = -1;
        -: 1323:      //reduce number of cards in hand
    #####: 1324:      state->handCount[currentPlayer]--;
        -: 1325:    }
        -: 1326:	
    #####: 1327:  return 0;
        -: 1328:}
        -: 1329:
function gainCard called 0 returned 0% blocks executed 0%
    #####: 1330:int gainCard(int supplyPos, struct gameState *state, int toFlag, int player)
        -: 1331:{
        -: 1332:  //Note: supplyPos is enum of choosen card
        -: 1333:	
        -: 1334:  //check if supply pile is empty (0) or card is not used in game (-1)
    #####: 1335:  if ( supplyCount(supplyPos, state) < 1 )
call    0 never executed
branch  1 never executed
branch  2 never executed
        -: 1336:    {
    #####: 1337:      return -1;
        -: 1338:    }
        -: 1339:	
        -: 1340:  //added card for [whoseTurn] current player:
        -: 1341:  // toFlag = 0 : add to discard
        -: 1342:  // toFlag = 1 : add to deck
        -: 1343:  // toFlag = 2 : add to hand
        -: 1344:
    #####: 1345:  if (toFlag == 1)
branch  0 never executed
branch  1 never executed
        -: 1346:    {
    #####: 1347:      state->deck[ player ][ state->deckCount[player] ] = supplyPos;
    #####: 1348:      state->deckCount[player]++;
        -: 1349:    }
    #####: 1350:  else if (toFlag == 2)
branch  0 never executed
branch  1 never executed
        -: 1351:    {
    #####: 1352:      state->hand[ player ][ state->handCount[player] ] = supplyPos;
    #####: 1353:      state->handCount[player]++;
        -: 1354:    }
        -: 1355:  else
        -: 1356:    {
    #####: 1357:      state->discard[player][ state->discardCount[player] ] = supplyPos;
    #####: 1358:      state->discardCount[player]++;
        -: 1359:    }
        -: 1360:	
        -: 1361:  //decrease number in supply pile
    #####: 1362:  state->supplyCount[supplyPos]--;
        -: 1363:	 
    #####: 1364:  return 0;
        -: 1365:}
        -: 1366:
function updateCoins called 204 returned 100% blocks executed 100%
      204: 1367:int updateCoins(int player, struct gameState *state, int bonus)
        -: 1368:{
        -: 1369:  int i;
        -: 1370:	
        -: 1371:  //reset coin count
      204: 1372:  state->coins = 0;
        -: 1373:
        -: 1374:  //add coins for each Treasure card in player's hand
    43960: 1375:  for (i = 0; i < state->handCount[player]; i++)
branch  0 taken 99%
branch  1 taken 1% (fallthrough)
        -: 1376:    {
    43756: 1377:      if (state->hand[player][i] == copper)
branch  0 taken 4% (fallthrough)
branch  1 taken 96%
        -: 1378:	{
     1670: 1379:	  state->coins += 1;
        -: 1380:	}
    42086: 1381:      else if (state->hand[player][i] == silver)
branch  0 taken 4% (fallthrough)
branch  1 taken 96%
        -: 1382:	{
     1618: 1383:	  state->coins += 2;
        -: 1384:	}
    40468: 1385:      else if (state->hand[player][i] == gold)
branch  0 taken 4% (fallthrough)
branch  1 taken 96%
        -: 1386:	{
     1684: 1387:	  state->coins += 3;
        -: 1388:	}	
        -: 1389:    }	
        -: 1390:
        -: 1391:  //add bonus
      204: 1392:  state->coins += bonus;
        -: 1393:
      204: 1394:  return 0;
        -: 1395:}
        -: 1396:
        -: 1397:
        -: 1398://end of dominion.c
